c:\users\radu diaconu\desktop\newtrainingframework_2015\newtrainingframework\debug-nvidia\gameengine.pch
c:\users\radu diaconu\desktop\newtrainingframework_2015\newtrainingframework\debug-nvidia\vc142.pdb
c:\users\radu diaconu\desktop\newtrainingframework_2015\newtrainingframework\debug-nvidia\vc142.idb
c:\users\radu diaconu\desktop\newtrainingframework_2015\newtrainingframework\debug-nvidia\stdafx.obj
c:\users\radu diaconu\desktop\newtrainingframework_2015\newtrainingframework\debug-nvidia\camera.obj
c:\users\radu diaconu\desktop\newtrainingframework_2015\newtrainingframework\debug-nvidia\model.obj
c:\users\radu diaconu\desktop\newtrainingframework_2015\newtrainingframework\debug-nvidia\newtrainingframework.obj
c:\users\radu diaconu\desktop\newtrainingframework_2015\newtrainingframework\debug-nvidia\resourcemanager.obj
c:\users\radu diaconu\desktop\newtrainingframework_2015\newtrainingframework\debug-nvidia\scenemanager.obj
c:\users\radu diaconu\desktop\newtrainingframework_2015\newtrainingframework\debug-nvidia\sceneobject.obj
c:\users\radu diaconu\desktop\newtrainingframework_2015\newtrainingframework\debug-nvidia\shader.obj
c:\users\radu diaconu\desktop\newtrainingframework_2015\newtrainingframework\debug-nvidia\shaders.obj
c:\users\radu diaconu\desktop\newtrainingframework_2015\newtrainingframework\debug-nvidia\terain.obj
c:\users\radu diaconu\desktop\newtrainingframework_2015\newtrainingframework\debug-nvidia\texture.obj
c:\users\radu diaconu\desktop\newtrainingframework_2015\newtrainingframework\debug-nvidia\fire.obj
c:\users\radu diaconu\desktop\newtrainingframework_2015\bin-nvidia\gameengine.exe
c:\users\radu diaconu\desktop\newtrainingframework_2015\bin-nvidia\gameengine.ilk
c:\users\radu diaconu\desktop\newtrainingframework_2015\bin-nvidia\gameengine.pdb
c:\users\radu diaconu\desktop\newtrainingframework_2015\\bin-nvidia\gameengine.pdb
c:\users\radu diaconu\desktop\newtrainingframework_2015\\bin-nvidia\gameengine.exe
c:\users\radu diaconu\desktop\newtrainingframework_2015\\bin-nvidia\gameengine.ilk
c:\users\radu diaconu\desktop\newtrainingframework_2015\newtrainingframework\debug-nvidia\gameengine.tlog\cl.command.1.tlog
c:\users\radu diaconu\desktop\newtrainingframework_2015\newtrainingframework\debug-nvidia\gameengine.tlog\cl.read.1.tlog
c:\users\radu diaconu\desktop\newtrainingframework_2015\newtrainingframework\debug-nvidia\gameengine.tlog\cl.write.1.tlog
c:\users\radu diaconu\desktop\newtrainingframework_2015\newtrainingframework\debug-nvidia\gameengine.tlog\link.6188.delete.1.tlog
c:\users\radu diaconu\desktop\newtrainingframework_2015\newtrainingframework\debug-nvidia\gameengine.tlog\link.command.1.tlog
c:\users\radu diaconu\desktop\newtrainingframework_2015\newtrainingframework\debug-nvidia\gameengine.tlog\link.read.1.tlog
c:\users\radu diaconu\desktop\newtrainingframework_2015\newtrainingframework\debug-nvidia\gameengine.tlog\link.write.1.tlog
