c:\users\radu\desktop\proiect_2015\newtrainingframework_2015\newtrainingframework\debug-nvidia\newtrainingframework.pch
c:\users\radu\desktop\proiect_2015\newtrainingframework_2015\newtrainingframework\debug-nvidia\vc141.pdb
c:\users\radu\desktop\proiect_2015\newtrainingframework_2015\newtrainingframework\debug-nvidia\vc141.idb
c:\users\radu\desktop\proiect_2015\newtrainingframework_2015\newtrainingframework\debug-nvidia\stdafx.obj
c:\users\radu\desktop\proiect_2015\newtrainingframework_2015\newtrainingframework\debug-nvidia\camera.obj
c:\users\radu\desktop\proiect_2015\newtrainingframework_2015\newtrainingframework\debug-nvidia\model.obj
c:\users\radu\desktop\proiect_2015\newtrainingframework_2015\newtrainingframework\debug-nvidia\newtrainingframework.obj
c:\users\radu\desktop\proiect_2015\newtrainingframework_2015\newtrainingframework\debug-nvidia\resourcemanager.obj
c:\users\radu\desktop\proiect_2015\newtrainingframework_2015\newtrainingframework\debug-nvidia\shader.obj
c:\users\radu\desktop\proiect_2015\newtrainingframework_2015\newtrainingframework\debug-nvidia\shaders.obj
c:\users\radu\desktop\proiect_2015\newtrainingframework_2015\newtrainingframework\debug-nvidia\texture.obj
c:\users\radu\desktop\proiect_2015\newtrainingframework_2015\bin-nvidia\newtrainingframework.ilk
c:\users\radu\desktop\proiect_2015\newtrainingframework_2015\bin-nvidia\newtrainingframework.exe
c:\users\radu\desktop\proiect_2015\newtrainingframework_2015\bin-nvidia\newtrainingframework.pdb
d:\proiect_2015\newtrainingframework_2015\newtrainingframework\debug-nvidia\camera.obj
d:\proiect_2015\newtrainingframework_2015\newtrainingframework\debug-nvidia\model.obj
d:\proiect_2015\newtrainingframework_2015\newtrainingframework\debug-nvidia\newtrainingframework.obj
d:\proiect_2015\newtrainingframework_2015\newtrainingframework\debug-nvidia\resourcemanager.obj
d:\proiect_2015\newtrainingframework_2015\newtrainingframework\debug-nvidia\shader.obj
d:\proiect_2015\newtrainingframework_2015\newtrainingframework\debug-nvidia\shaders.obj
d:\proiect_2015\newtrainingframework_2015\newtrainingframework\debug-nvidia\stdafx.obj
d:\proiect_2015\newtrainingframework_2015\newtrainingframework\debug-nvidia\texture.obj
d:\proiect_2015\newtrainingframework_2015\newtrainingframework\debug-nvidia\newtrainingframework.pch
d:\proiect_2015\newtrainingframework_2015\newtrainingframework\debug-nvidia\vc141.idb
d:\proiect_2015\newtrainingframework_2015\newtrainingframework\debug-nvidia\vc141.pdb
d:\proiect_2015\newtrainingframework_2015\\bin-nvidia\newtrainingframework.pdb
d:\proiect_2015\newtrainingframework_2015\\bin-nvidia\newtrainingframework.exe
d:\proiect_2015\newtrainingframework_2015\\bin-nvidia\newtrainingframework.ilk
d:\proiect_2015\newtrainingframework_2015\newtrainingframework\debug-nvidia\newtrain.fc024ec8.tlog\cl.command.1.tlog
d:\proiect_2015\newtrainingframework_2015\newtrainingframework\debug-nvidia\newtrain.fc024ec8.tlog\cl.read.1.tlog
d:\proiect_2015\newtrainingframework_2015\newtrainingframework\debug-nvidia\newtrain.fc024ec8.tlog\cl.write.1.tlog
d:\proiect_2015\newtrainingframework_2015\newtrainingframework\debug-nvidia\newtrain.fc024ec8.tlog\link.command.1.tlog
d:\proiect_2015\newtrainingframework_2015\newtrainingframework\debug-nvidia\newtrain.fc024ec8.tlog\link.read.1.tlog
d:\proiect_2015\newtrainingframework_2015\newtrainingframework\debug-nvidia\newtrain.fc024ec8.tlog\link.write.1.tlog
